This is pdfTeX, Version 3.1415926-2.3-1.40.12 (MiKTeX 2.9 64-bit) (preloaded format=pdflatex 2014.10.19)  19 MAR 2015 20:13
entering extended mode
**TeamIDissertation.tex
(C:\Users\Kiril\Desktop\GoProject\dissertation\TeamIDissertation.tex
LaTeX2e <2011/06/27>
Babel <v3.8m> and hyphenation patterns for english, afrikaans, ancientgreek, ar
abic, armenian, assamese, basque, bengali, bokmal, bulgarian, catalan, coptic, 
croatian, czech, danish, dutch, esperanto, estonian, farsi, finnish, french, ga
lician, german, german-x-2009-06-19, greek, gujarati, hindi, hungarian, iceland
ic, indonesian, interlingua, irish, italian, kannada, kurmanji, lao, latin, lat
vian, lithuanian, malayalam, marathi, mongolian, mongolianlmc, monogreek, ngerm
an, ngerman-x-2009-06-19, nynorsk, oriya, panjabi, pinyin, polish, portuguese, 
romanian, russian, sanskrit, serbian, slovak, slovenian, spanish, swedish, swis
sgerman, tamil, telugu, turkish, turkmen, ukenglish, ukrainian, uppersorbian, u
senglishmax, welsh, loaded.
(C:\Users\Kiril\Desktop\GoProject\dissertation\l3proj.cls
Document Class: l3proj 2009/01/09 Colin Perkins <csp@dcs.gla.ac.uk>.2009/09/16 
Modified by Tim Storer <tws@dcs.gla.ac.uk> to support non pdf modes.2011/02/23 
Modified by Jeremy.Singer@glasgow.ac.uk to use hyperref.
("C:\Program Files\MiKTeX 2.9\tex\latex\base\report.cls"
Document Class: report 2007/10/19 v1.4h Standard LaTeX document class
("C:\Program Files\MiKTeX 2.9\tex\latex\base\size11.clo"
File: size11.clo 2007/10/19 v1.4h Standard LaTeX file (size option)
)
\c@part=\count79
\c@chapter=\count80
\c@section=\count81
\c@subsection=\count82
\c@subsubsection=\count83
\c@paragraph=\count84
\c@subparagraph=\count85
\c@figure=\count86
\c@table=\count87
\abovecaptionskip=\skip41
\belowcaptionskip=\skip42
\bibindent=\dimen102
)
("C:\Program Files\MiKTeX 2.9\tex\generic\oberdiek\ifpdf.sty"
Package: ifpdf 2011/01/30 v2.3 Provides the ifpdf switch (HO)
Package ifpdf Info: pdfTeX in PDF mode is detected.
)
("C:\Program Files\MiKTeX 2.9\tex\latex\graphics\graphicx.sty"
Package: graphicx 1999/02/16 v1.0f Enhanced LaTeX Graphics (DPC,SPQR)

("C:\Program Files\MiKTeX 2.9\tex\latex\graphics\keyval.sty"
Package: keyval 1999/03/16 v1.13 key=value parser (DPC)
\KV@toks@=\toks14
)
("C:\Program Files\MiKTeX 2.9\tex\latex\graphics\graphics.sty"
Package: graphics 2009/02/05 v1.0o Standard LaTeX Graphics (DPC,SPQR)

("C:\Program Files\MiKTeX 2.9\tex\latex\graphics\trig.sty"
Package: trig 1999/03/16 v1.09 sin cos tan (DPC)
)
("C:\Program Files\MiKTeX 2.9\tex\latex\00miktex\graphics.cfg"
File: graphics.cfg 2007/01/18 v1.5 graphics configuration of teTeX/TeXLive
)
Package graphics Info: Driver file: pdftex.def on input line 91.

("C:\Program Files\MiKTeX 2.9\tex\latex\pdftex-def\pdftex.def"
File: pdftex.def 2011/05/27 v0.06d Graphics/color for pdfTeX

("C:\Program Files\MiKTeX 2.9\tex\generic\oberdiek\infwarerr.sty"
Package: infwarerr 2010/04/08 v1.3 Providing info/warning/error messages (HO)
)
("C:\Program Files\MiKTeX 2.9\tex\generic\oberdiek\ltxcmds.sty"
Package: ltxcmds 2011/11/09 v1.22 LaTeX kernel commands for general use (HO)
)
\Gread@gobject=\count88
))
\Gin@req@height=\dimen103
\Gin@req@width=\dimen104
)
("C:\Program Files\MiKTeX 2.9\tex\latex\psnfss\times.sty"
Package: times 2005/04/12 PSNFSS-v9.2a (SPQR) 
)
("C:\Program Files\MiKTeX 2.9\tex\latex\hyperref\hyperref.sty"
Package: hyperref 2012/05/13 v6.82q Hypertext links for LaTeX

("C:\Program Files\MiKTeX 2.9\tex\generic\oberdiek\hobsub-hyperref.sty"
Package: hobsub-hyperref 2012/04/25 v1.12 Bundle oberdiek, subset hyperref (HO)


("C:\Program Files\MiKTeX 2.9\tex\generic\oberdiek\hobsub-generic.sty"
Package: hobsub-generic 2012/04/25 v1.12 Bundle oberdiek, subset generic (HO)
Package: hobsub 2012/04/25 v1.12 Construct package bundles (HO)
Package hobsub Info: Skipping package `infwarerr' (already loaded).
Package hobsub Info: Skipping package `ltxcmds' (already loaded).
Package: ifluatex 2010/03/01 v1.3 Provides the ifluatex switch (HO)
Package ifluatex Info: LuaTeX not detected.
Package: ifvtex 2010/03/01 v1.5 Detect VTeX and its facilities (HO)
Package ifvtex Info: VTeX not detected.
Package: intcalc 2007/09/27 v1.1 Expandable calculations with integers (HO)
Package hobsub Info: Skipping package `ifpdf' (already loaded).
Package: etexcmds 2011/02/16 v1.5 Avoid name clashes with e-TeX commands (HO)
Package etexcmds Info: Could not find \expanded.
(etexcmds)             That can mean that you are not using pdfTeX 1.50 or
(etexcmds)             that some package has redefined \expanded.
(etexcmds)             In the latter case, load this package earlier.
Package: kvsetkeys 2012/04/25 v1.16 Key value parser (HO)
Package: kvdefinekeys 2011/04/07 v1.3 Define keys (HO)
Package: pdftexcmds 2011/11/29 v0.20 Utility functions of pdfTeX for LuaTeX (HO
)
Package pdftexcmds Info: LuaTeX not detected.
Package pdftexcmds Info: \pdf@primitive is available.
Package pdftexcmds Info: \pdf@ifprimitive is available.
Package pdftexcmds Info: \pdfdraftmode found.
Package: pdfescape 2011/11/25 v1.13 Implements pdfTeX's escape features (HO)
Package: bigintcalc 2012/04/08 v1.3 Expandable calculations on big integers (HO
)
Package: bitset 2011/01/30 v1.1 Handle bit-vector datatype (HO)
Package: uniquecounter 2011/01/30 v1.2 Provide unlimited unique counter (HO)
)
Package hobsub Info: Skipping package `hobsub' (already loaded).
Package: letltxmacro 2010/09/02 v1.4 Let assignment for LaTeX macros (HO)
Package: hopatch 2011/06/24 v1.1 Wrapper for package hooks (HO)
Package: xcolor-patch 2011/01/30 xcolor patch
Package: atveryend 2011/06/30 v1.8 Hooks at the very end of document (HO)
Package atveryend Info: \enddocument detected (standard20110627).
Package: atbegshi 2011/10/05 v1.16 At begin shipout hook (HO)
Package: refcount 2011/10/16 v3.4 Data extraction from label references (HO)
Package: hycolor 2011/01/30 v1.7 Color options for hyperref/bookmark (HO)
)
("C:\Program Files\MiKTeX 2.9\tex\generic\ifxetex\ifxetex.sty"
Package: ifxetex 2010/09/12 v0.6 Provides ifxetex conditional
)
("C:\Program Files\MiKTeX 2.9\tex\latex\oberdiek\kvoptions.sty"
Package: kvoptions 2011/06/30 v3.11 Key value format for package options (HO)
)
\@linkdim=\dimen105
\Hy@linkcounter=\count89
\Hy@pagecounter=\count90

("C:\Program Files\MiKTeX 2.9\tex\latex\hyperref\pd1enc.def"
File: pd1enc.def 2012/05/13 v6.82q Hyperref: PDFDocEncoding definition (HO)
)
\Hy@SavedSpaceFactor=\count91

("C:\Program Files\MiKTeX 2.9\tex\latex\00miktex\hyperref.cfg"
File: hyperref.cfg 2002/06/06 v1.2 hyperref configuration of TeXLive
)
Package hyperref Info: Option `colorlinks' set `true' on input line 3941.
Package hyperref Info: Hyper figures OFF on input line 4062.
Package hyperref Info: Link nesting OFF on input line 4067.
Package hyperref Info: Hyper index ON on input line 4070.
Package hyperref Info: Plain pages OFF on input line 4077.
Package hyperref Info: Backreferencing OFF on input line 4082.
Package hyperref Info: Implicit mode ON; LaTeX internals redefined.
Package hyperref Info: Bookmarks ON on input line 4300.
\c@Hy@tempcnt=\count92

("C:\Program Files\MiKTeX 2.9\tex\latex\ltxmisc\url.sty"
\Urlmuskip=\muskip10
Package: url 2006/04/12  ver 3.3  Verb mode for urls, etc.
)
LaTeX Info: Redefining \url on input line 4653.
\Fld@menulength=\count93
\Field@Width=\dimen106
\Fld@charsize=\dimen107
Package hyperref Info: Hyper figures OFF on input line 5773.
Package hyperref Info: Link nesting OFF on input line 5778.
Package hyperref Info: Hyper index ON on input line 5781.
Package hyperref Info: backreferencing OFF on input line 5788.
Package hyperref Info: Link coloring ON on input line 5791.
Package hyperref Info: Link coloring with OCG OFF on input line 5798.
Package hyperref Info: PDF/A mode OFF on input line 5803.
LaTeX Info: Redefining \ref on input line 5843.
LaTeX Info: Redefining \pageref on input line 5847.
\Hy@abspage=\count94
\c@Item=\count95
\c@Hfootnote=\count96
)

Package hyperref Message: Driver (autodetected): hpdftex.

("C:\Program Files\MiKTeX 2.9\tex\latex\hyperref\hpdftex.def"
File: hpdftex.def 2012/05/13 v6.82q Hyperref driver for pdfTeX
\Fld@listcount=\count97
\c@bookmark@seq@number=\count98

("C:\Program Files\MiKTeX 2.9\tex\latex\oberdiek\rerunfilecheck.sty"
Package: rerunfilecheck 2011/04/15 v1.7 Rerun checks for auxiliary files (HO)
Package uniquecounter Info: New unique counter `rerunfilecheck' on input line 2
82.
)
\Hy@SectionHShift=\skip43
))
("C:\Program Files\MiKTeX 2.9\tex\latex\pdfpages\pdfpages.sty"
Package: pdfpages 2012/04/03 v0.4s Insert pages of external PDF documents (AM)

("C:\Program Files\MiKTeX 2.9\tex\latex\base\ifthen.sty"
Package: ifthen 2001/05/26 v1.1c Standard LaTeX ifthen package (DPC)
)
("C:\Program Files\MiKTeX 2.9\tex\latex\tools\calc.sty"
Package: calc 2007/08/22 v4.3 Infix arithmetic (KKT,FJ)
\calc@Acount=\count99
\calc@Bcount=\count100
\calc@Adimen=\dimen108
\calc@Bdimen=\dimen109
\calc@Askip=\skip44
\calc@Bskip=\skip45
LaTeX Info: Redefining \setlength on input line 76.
LaTeX Info: Redefining \addtolength on input line 77.
\calc@Ccount=\count101
\calc@Cskip=\skip46
)
("C:\Program Files\MiKTeX 2.9\tex\latex\eso-pic\eso-pic.sty"
Package: eso-pic 2010/10/06 v2.0c eso-pic (RN)

("C:\Program Files\MiKTeX 2.9\tex\latex\xcolor\xcolor.sty"
Package: xcolor 2007/01/21 v2.11 LaTeX color extensions (UK)

("C:\Program Files\MiKTeX 2.9\tex\latex\00miktex\color.cfg"
File: color.cfg 2007/01/18 v1.5 color configuration of teTeX/TeXLive
)
Package xcolor Info: Driver file: pdftex.def on input line 225.
Package xcolor Info: Model `cmy' substituted by `cmy0' on input line 1337.
Package xcolor Info: Model `hsb' substituted by `rgb' on input line 1341.
Package xcolor Info: Model `RGB' extended on input line 1353.
Package xcolor Info: Model `HTML' substituted by `rgb' on input line 1355.
Package xcolor Info: Model `Hsb' substituted by `hsb' on input line 1356.
Package xcolor Info: Model `tHsb' substituted by `hsb' on input line 1357.
Package xcolor Info: Model `HSB' substituted by `hsb' on input line 1358.
Package xcolor Info: Model `Gray' substituted by `gray' on input line 1359.
Package xcolor Info: Model `wave' substituted by `hsb' on input line 1360.
))
("C:\Program Files\MiKTeX 2.9\tex\latex\pdfpages\pppdftex.def"
File: pppdftex.def 2012/04/03 v0.4s Pdfpages driver for pdfTeX (AM)
)
\AM@pagebox=\box26
\AM@toc@title=\toks15
\c@AM@survey=\count102
\AM@templatesizebox=\box27
)
("C:\Program Files\MiKTeX 2.9\tex\latex\ams\math\amsmath.sty"
Package: amsmath 2000/07/18 v2.13 AMS math features
\@mathmargin=\skip47

For additional information on amsmath, use the `?' option.
("C:\Program Files\MiKTeX 2.9\tex\latex\ams\math\amstext.sty"
Package: amstext 2000/06/29 v2.01

("C:\Program Files\MiKTeX 2.9\tex\latex\ams\math\amsgen.sty"
File: amsgen.sty 1999/11/30 v2.0
\@emptytoks=\toks16
\ex@=\dimen110
))
("C:\Program Files\MiKTeX 2.9\tex\latex\ams\math\amsbsy.sty"
Package: amsbsy 1999/11/29 v1.2d
\pmbraise@=\dimen111
)
("C:\Program Files\MiKTeX 2.9\tex\latex\ams\math\amsopn.sty"
Package: amsopn 1999/12/14 v2.01 operator names
)
\inf@bad=\count103
LaTeX Info: Redefining \frac on input line 211.
\uproot@=\count104
\leftroot@=\count105
LaTeX Info: Redefining \overline on input line 307.
\classnum@=\count106
\DOTSCASE@=\count107
LaTeX Info: Redefining \ldots on input line 379.
LaTeX Info: Redefining \dots on input line 382.
LaTeX Info: Redefining \cdots on input line 467.
\Mathstrutbox@=\box28
\strutbox@=\box29
\big@size=\dimen112
LaTeX Font Info:    Redeclaring font encoding OML on input line 567.
LaTeX Font Info:    Redeclaring font encoding OMS on input line 568.
\macc@depth=\count108
\c@MaxMatrixCols=\count109
\dotsspace@=\muskip11
\c@parentequation=\count110
\dspbrk@lvl=\count111
\tag@help=\toks17
\row@=\count112
\column@=\count113
\maxfields@=\count114
\andhelp@=\toks18
\eqnshift@=\dimen113
\alignsep@=\dimen114
\tagshift@=\dimen115
\tagwidth@=\dimen116
\totwidth@=\dimen117
\lineht@=\dimen118
\@envbody=\toks19
\multlinegap=\skip48
\multlinetaggap=\skip49
\mathdisplay@stack=\toks20
LaTeX Info: Redefining \[ on input line 2666.
LaTeX Info: Redefining \] on input line 2667.
)
("C:\Program Files\MiKTeX 2.9\tex\latex\float\float.sty"
Package: float 2001/11/08 v1.3d Float enhancements (AL)
\c@float@type=\count115
\float@exts=\toks21
\float@box=\box30
\@float@everytoks=\toks22
\@floatcapt=\box31
)
("C:\Program Files\MiKTeX 2.9\tex\latex\caption\subcaption.sty"
Package: subcaption 2012/01/12 v1.1d Sub-captions (AR)

("C:\Program Files\MiKTeX 2.9\tex\latex\caption\caption.sty"
Package: caption 2012/02/19 v3.2f Customizing captions (AR)

("C:\Program Files\MiKTeX 2.9\tex\latex\caption\caption3.sty"
Package: caption3 2012/01/12 v1.4b caption3 kernel (AR)
\captionmargin=\dimen119
\captionmargin@=\dimen120
\captionwidth=\dimen121
\caption@indent=\dimen122
\caption@parindent=\dimen123
\caption@hangindent=\dimen124
)
\c@ContinuedFloat=\count116
Package caption Info: float package is loaded.
Package caption Info: hyperref package is loaded.
)
\c@subfigure=\count117
\c@subtable=\count118
)
(C:\Users\Kiril\Desktop\GoProject\dissertation\TeamIDissertation.aux)
LaTeX Font Info:    Checking defaults for OML/cmm/m/it on input line 9.
LaTeX Font Info:    ... okay on input line 9.
LaTeX Font Info:    Checking defaults for T1/cmr/m/n on input line 9.
LaTeX Font Info:    ... okay on input line 9.
LaTeX Font Info:    Checking defaults for OT1/cmr/m/n on input line 9.
LaTeX Font Info:    ... okay on input line 9.
LaTeX Font Info:    Checking defaults for OMS/cmsy/m/n on input line 9.
LaTeX Font Info:    ... okay on input line 9.
LaTeX Font Info:    Checking defaults for OMX/cmex/m/n on input line 9.
LaTeX Font Info:    ... okay on input line 9.
LaTeX Font Info:    Checking defaults for U/cmr/m/n on input line 9.
LaTeX Font Info:    ... okay on input line 9.
LaTeX Font Info:    Checking defaults for PD1/pdf/m/n on input line 9.
LaTeX Font Info:    ... okay on input line 9.
LaTeX Font Info:    Try loading font information for OT1+ptm on input line 9.

("C:\Program Files\MiKTeX 2.9\tex\latex\psnfss\ot1ptm.fd"
File: ot1ptm.fd 2001/06/04 font definitions for OT1/ptm.
)
("C:\Program Files\MiKTeX 2.9\tex\context\base\supp-pdf.mkii"
[Loading MPS to PDF converter (version 2006.09.02).]
\scratchcounter=\count119
\scratchdimen=\dimen125
\scratchbox=\box32
\nofMPsegments=\count120
\nofMParguments=\count121
\everyMPshowfont=\toks23
\MPscratchCnt=\count122
\MPscratchDim=\dimen126
\MPnumerator=\count123
\makeMPintoPDFobject=\count124
\everyMPtoPDFconversion=\toks24
)
\AtBeginShipoutBox=\box33
Package hyperref Info: Link coloring ON on input line 9.
 ("C:\Program Files\MiKTeX 2.9\tex\latex\hyperref\nameref.sty"
Package: nameref 2010/04/30 v2.40 Cross-referencing by name of section

("C:\Program Files\MiKTeX 2.9\tex\generic\oberdiek\gettitlestring.sty"
Package: gettitlestring 2010/12/03 v1.4 Cleanup title references (HO)
)
\c@section@level=\count125
)
LaTeX Info: Redefining \ref on input line 9.
LaTeX Info: Redefining \pageref on input line 9.
LaTeX Info: Redefining \nameref on input line 9.

(C:\Users\Kiril\Desktop\GoProject\dissertation\TeamIDissertation.out)
(C:\Users\Kiril\Desktop\GoProject\dissertation\TeamIDissertation.out)
\@outlinefile=\write3
Package caption Info: Begin \AtBeginDocument code.
Package caption Info: End \AtBeginDocument code.

<images/CompSci_mono.pdf, id=187, 340.27126pt x 49.18375pt>
File: images/CompSci_mono.pdf Graphic file (type pdf)

<use images/CompSci_mono.pdf>
Package pdftex.def Info: images/CompSci_mono.pdf used on input line 17.
(pdftex.def)             Requested size: 300.43684pt x 9.35004pt.
 [1

{C:/ProgramData/MiKTeX/2.9/pdftex/config/pdftex.map} <C:/Users/Kiril/Desktop/Go
Project/dissertation/images/CompSci_mono.pdf>]
LaTeX Font Info:    Font shape `OT1/ptm/bx/n' in size <10.95> not available
(Font)              Font shape `OT1/ptm/b/n' tried instead on input line 18.
pdfTeX warning (ext4): destination with the same identifier (name{page.1}) has 
been already used, duplicate ignored
<to be read again> 
                   \relax 
l.23 \end{abstract}
                    [1]
LaTeX Font Info:    Font shape `OT1/ptm/bx/n' in size <14.4> not available
(Font)              Font shape `OT1/ptm/b/n' tried instead on input line 24.
pdfTeX warning (ext4): destination with the same identifier (name{page.1}) has 
been already used, duplicate ignored
<to be read again> 
                   \relax 
l.26 \tableofcontents
                      [1]
LaTeX Font Info:    Font shape `OT1/ptm/bx/n' in size <24.88> not available
(Font)              Font shape `OT1/ptm/b/n' tried instead on input line 26.

(C:\Users\Kiril\Desktop\GoProject\dissertation\TeamIDissertation.toc [2

])
\tf@toc=\write4

[3]
Chapter 1.
LaTeX Font Info:    Font shape `OT1/ptm/bx/n' in size <20.74> not available
(Font)              Font shape `OT1/ptm/b/n' tried instead on input line 28.
[4

] [5] [6]
Chapter 2.
LaTeX Font Info:    Try loading font information for OMS+ptm on input line 54.
("C:\Program Files\MiKTeX 2.9\tex\latex\psnfss\omsptm.fd"
File: omsptm.fd 
)
LaTeX Font Info:    Font shape `OMS/ptm/m/n' in size <10.95> not available
(Font)              Font shape `OMS/cmsy/m/n' tried instead on input line 54.
LaTeX Font Info:    Font shape `OT1/ptm/bx/n' in size <12> not available
(Font)              Font shape `OT1/ptm/b/n' tried instead on input line 66.
 [7

]
<Images/eyes.png, id=287, 347.79938pt x 390.70969pt>
File: Images/eyes.png Graphic file (type png)
 <use Images/eyes.png>
Package pdftex.def Info: Images/eyes.png used on input line 86.
(pdftex.def)             Requested size: 173.89926pt x 195.35435pt.

[8] <Images/foureyespace.png, id=293, 346.29375pt x 170.88844pt>
File: Images/foureyespace.png Graphic file (type png)

<use Images/foureyespace.png>
Package pdftex.def Info: Images/foureyespace.png used on input line 94.
(pdftex.def)             Requested size: 173.14644pt x 85.444pt.
Missing character: There is no ‚ in font ptmr7t!
Missing character: There is no Ä in font ptmr7t!
Missing character: There is no ú in font ptmr7t!

<Images/singlestonesinatari.png, id=294, 380.17032pt x 300.3722pt>
File: Images/singlestonesinatari.png Graphic file (type png)

<use Images/singlestonesinatari.png>
Package pdftex.def Info: Images/singlestonesinatari.png used on input line 102.

(pdftex.def)             Requested size: 190.08469pt x 150.18571pt.
 [9 <C:/Users/Kiril/Desktop/GoProject/dissertation/Images/eyes.png> <C:/Users/K
iril/Desktop/GoProject/dissertation/Images/foureyespace.png>]
<Images/groupsofstonesinatari.png, id=303, 479.54156pt x 456.95718pt>
File: Images/groupsofstonesinatari.png Graphic file (type png)

<use Images/groupsofstonesinatari.png>
Package pdftex.def Info: Images/groupsofstonesinatari.png used on input line 10
8.
(pdftex.def)             Requested size: 239.77019pt x 228.47803pt.
Missing character: There is no ‚ in font ptmr7t!
Missing character: There is no Ä in font ptmr7t!
Missing character: There is no ô in font ptmr7t!
Missing character: There is no ‚ in font ptmr7t!
Missing character: There is no Ä in font ptmr7t!
Missing character: There is no ô in font ptmr7t!
Missing character: There is no ‚ in font ptmr7t!
Missing character: There is no Ä in font ptmr7t!
Missing character: There is no ô in font ptmr7t!

<Images/ahane.png, id=304, 117.43875pt x 211.54031pt>
File: Images/ahane.png Graphic file (type png)
 <use Images/ahane.png>
Package pdftex.def Info: Images/ahane.png used on input line 116.
(pdftex.def)             Requested size: 58.71922pt x 105.76988pt.

[10 <C:/Users/Kiril/Desktop/GoProject/dissertation/Images/singlestonesinatari.p
ng> <C:/Users/Kiril/Desktop/GoProject/dissertation/Images/groupsofstonesinatari
.png>]
Missing character: There is no ‚ in font ptmr7t!
Missing character: There is no Ä in font ptmr7t!
Missing character: There is no ú in font ptmr7t!
Missing character: There is no ‚ in font ptmr7t!
Missing character: There is no Ä in font ptmr7t!
Missing character: There is no ù in font ptmr7t!
Missing character: There is no ‚ in font ptmr7t!
Missing character: There is no Ä in font ptmr7t!
Missing character: There is no ú in font ptmr7t!
Missing character: There is no ‚ in font ptmr7t!
Missing character: There is no Ä in font ptmr7t!
Missing character: There is no ù in font ptmr7t!
Missing character: There is no ‚ in font ptmr7t!
Missing character: There is no Ä in font ptmr7t!
Missing character: There is no ú in font ptmr7t!
Missing character: There is no ‚ in font ptmr7t!
Missing character: There is no Ä in font ptmr7t!
Missing character: There is no ù in font ptmr7t!
Missing character: There is no ‚ in font ptmr7t!
Missing character: There is no Ä in font ptmr7t!
Missing character: There is no ú in font ptmr7t!
Missing character: There is no ‚ in font ptmr7t!
Missing character: There is no Ä in font ptmr7t!
Missing character: There is no ù in font ptmr7t!
Missing character: There is no ‚ in font ptmr7t!
Missing character: There is no Ä in font ptmr7t!
Missing character: There is no ú in font ptmr7t!
Missing character: There is no ‚ in font ptmr7t!
Missing character: There is no Ä in font ptmr7t!
Missing character: There is no ù in font ptmr7t!
 <Images/korule2.png, id=313, 243.91125pt x 238.64156pt>
File: Images/korule2.png Graphic file (type png)

<use Images/korule2.png>
Package pdftex.def Info: Images/korule2.png used on input line 124.
(pdftex.def)             Requested size: 121.95532pt x 119.32048pt.

<Images/korule1.png, id=314, 246.9225pt x 235.63031pt>
File: Images/korule1.png Graphic file (type png)

<use Images/korule1.png>
Package pdftex.def Info: Images/korule1.png used on input line 130.
(pdftex.def)             Requested size: 123.46094pt x 117.81487pt.
Missing character: There is no ‚ in font ptmr7t!
Missing character: There is no Ä in font ptmr7t!
Missing character: There is no ú in font ptmr7t!
Missing character: There is no ‚ in font ptmr7t!
Missing character: There is no Ä in font ptmr7t!
Missing character: There is no ù in font ptmr7t!
Missing character: There is no ‚ in font ptmr7t!
Missing character: There is no Ä in font ptmr7t!
Missing character: There is no ú in font ptmr7t!
Missing character: There is no ‚ in font ptmr7t!
Missing character: There is no Ä in font ptmr7t!
Missing character: There is no ù in font ptmr7t!
Missing character: There is no ‚ in font ptmr7t!
Missing character: There is no Ä in font ptmr7t!
Missing character: There is no ú in font ptmr7t!
Missing character: There is no ‚ in font ptmr7t!
Missing character: There is no Ä in font ptmr7t!
Missing character: There is no ù in font ptmr7t!
Missing character: There is no ‚ in font ptmr7t!
Missing character: There is no Ä in font ptmr7t!
Missing character: There is no ú in font ptmr7t!
Missing character: There is no ‚ in font ptmr7t!
Missing character: There is no Ä in font ptmr7t!
Missing character: There is no ù in font ptmr7t!
Missing character: There is no ‚ in font ptmr7t!
Missing character: There is no Ä in font ptmr7t!
Missing character: There is no ú in font ptmr7t!
Missing character: There is no ‚ in font ptmr7t!
Missing character: There is no Ä in font ptmr7t!
Missing character: There is no ù in font ptmr7t!
Missing character: There is no ‚ in font ptmr7t!
Missing character: There is no Ä in font ptmr7t!
Missing character: There is no ú in font ptmr7t!
Missing character: There is no ‚ in font ptmr7t!
Missing character: There is no Ä in font ptmr7t!
Missing character: There is no ù in font ptmr7t!
 [11 <C:/Users/Kiril/Desktop/GoProject/dissertation/Images/ahane.png> <C:/Users
/Kiril/Desktop/GoProject/dissertation/Images/korule2.png> <C:/Users/Kiril/Deskt
op/GoProject/dissertation/Images/korule1.png>]
<Images/miai.png, id=326, 264.23718pt x 272.51813pt>
File: Images/miai.png Graphic file (type png)
 <use Images/miai.png>
Package pdftex.def Info: Images/miai.png used on input line 138.
(pdftex.def)             Requested size: 132.11826pt x 136.25873pt.
Missing character: There is no ‚ in font ptmr7t!
Missing character: There is no Ä in font ptmr7t!
Missing character: There is no ú in font ptmr7t!
Missing character: There is no ‚ in font ptmr7t!
Missing character: There is no Ä in font ptmr7t!
Missing character: There is no ù in font ptmr7t!
Missing character: There is no ‚ in font ptmr7t!
Missing character: There is no Ä in font ptmr7t!
Missing character: There is no ú in font ptmr7t!
Missing character: There is no ‚ in font ptmr7t!
Missing character: There is no Ä in font ptmr7t!
Missing character: There is no ù in font ptmr7t!
Missing character: There is no ‚ in font ptmr7t!
Missing character: There is no Ä in font ptmr7t!
Missing character: There is no ô in font ptmr7t!

<Images/seki.png, id=327, 356.83313pt x 353.82187pt>
File: Images/seki.png Graphic file (type png)
 <use Images/seki.png>
Package pdftex.def Info: Images/seki.png used on input line 147.
(pdftex.def)             Requested size: 178.41612pt x 176.91049pt.

[12 <C:/Users/Kiril/Desktop/GoProject/dissertation/Images/miai.png> <C:/Users/K
iril/Desktop/GoProject/dissertation/Images/seki.png>]
<Images/unsettled3.png, id=336, 365.11406pt x 221.32687pt>
File: Images/unsettled3.png Graphic file (type png)

<use Images/unsettled3.png>
Package pdftex.def Info: Images/unsettled3.png used on input line 161.
(pdftex.def)             Requested size: 182.55658pt x 110.66315pt.

<Images/eightlive.png, id=337, 408.77719pt x 148.30406pt>
File: Images/eightlive.png Graphic file (type png)

<use Images/eightlive.png>
Package pdftex.def Info: Images/eightlive.png used on input line 169.
(pdftex.def)             Requested size: 204.38809pt x 74.15184pt.

<Images/sevenunsettled.png, id=338, 403.5075pt x 138.5175pt>
File: Images/sevenunsettled.png Graphic file (type png)

<use Images/sevenunsettled.png>
Package pdftex.def Info: Images/sevenunsettled.png used on input line 175.
(pdftex.def)             Requested size: 201.75325pt x 69.25858pt.

<Images/sixdie.png, id=339, 418.56375pt x 138.5175pt>
File: Images/sixdie.png Graphic file (type png)
 <use Images/sixdie.png>
Package pdftex.def Info: Images/sixdie.png used on input line 181.
(pdftex.def)             Requested size: 209.28136pt x 69.25858pt.

[13 <C:/Users/Kiril/Desktop/GoProject/dissertation/Images/unsettled3.png> <C:/U
sers/Kiril/Desktop/GoProject/dissertation/Images/eightlive.png> <C:/Users/Kiril
/Desktop/GoProject/dissertation/Images/sevenunsettled.png>]
Missing character: There is no ‚ in font ptmr7t!
Missing character: There is no Ä in font ptmr7t!
Missing character: There is no ò in font ptmr7t!
Missing character: There is no ‚ in font ptmr7t!
Missing character: There is no Ä in font ptmr7t!
Missing character: There is no ô in font ptmr7t!
 [14 <C:/Users/Kiril/Desktop/GoProject/dissertation/Images/sixdie.png>]
Chapter 3.
Missing character: There is no ‚ in font ptmr7t!
Missing character: There is no Ä in font ptmr7t!
Missing character: There is no ú in font ptmr7t!
Missing character: There is no ‚ in font ptmr7t!
Missing character: There is no Ä in font ptmr7t!
Missing character: There is no ù in font ptmr7t!
[15

]
Missing character: There is no ‚ in font ptmr7t!
Missing character: There is no Ä in font ptmr7t!
Missing character: There is no ú in font ptmr7t!
Missing character: There is no ‚ in font ptmr7t!
Missing character: There is no Ä in font ptmr7t!
Missing character: There is no ù in font ptmr7t!
Missing character: There is no ‚ in font ptmr7t!
Missing character: There is no Ä in font ptmr7t!
Missing character: There is no ú in font ptmr7t!
Missing character: There is no ‚ in font ptmr7t!
Missing character: There is no Ä in font ptmr7t!
Missing character: There is no ù in font ptmr7t!
Missing character: There is no ‚ in font ptmr7t!
Missing character: There is no Ä in font ptmr7t!
Missing character: There is no ú in font ptmr7t!
Missing character: There is no ‚ in font ptmr7t!
Missing character: There is no Ä in font ptmr7t!
Missing character: There is no ù in font ptmr7t!
Missing character: There is no ‚ in font ptmr7t!
Missing character: There is no Ä in font ptmr7t!
Missing character: There is no ú in font ptmr7t!
Missing character: There is no ‚ in font ptmr7t!
Missing character: There is no Ä in font ptmr7t!
Missing character: There is no ù in font ptmr7t!
 [16]
Missing character: There is no ‚ in font ptmr7t!
Missing character: There is no Ä in font ptmr7t!
Missing character: There is no ô in font ptmr7t!
Missing character: There is no ‚ in font ptmr7t!
Missing character: There is no Ä in font ptmr7t!
Missing character: There is no ú in font ptmr7t!
Missing character: There is no ‚ in font ptmr7t!
Missing character: There is no Ä in font ptmr7t!
Missing character: There is no ù in font ptmr7t!
Missing character: There is no ‚ in font ptmr7t!
Missing character: There is no Ä in font ptmr7t!
Missing character: There is no ú in font ptmr7t!
Missing character: There is no ‚ in font ptmr7t!
Missing character: There is no Ä in font ptmr7t!
Missing character: There is no ù in font ptmr7t!
Missing character: There is no ‚ in font ptmr7t!
Missing character: There is no Ä in font ptmr7t!
Missing character: There is no ú in font ptmr7t!
Missing character: There is no ‚ in font ptmri7t!
Missing character: There is no Ä in font ptmri7t!
Missing character: There is no ú in font ptmri7t!
Missing character: There is no ‚ in font ptmri7t!
Missing character: There is no Ä in font ptmri7t!
Missing character: There is no ù in font ptmri7t!
Missing character: There is no ‚ in font ptmri7t!
Missing character: There is no Ä in font ptmri7t!
Missing character: There is no ú in font ptmri7t!
Missing character: There is no ‚ in font ptmri7t!
Missing character: There is no Ä in font ptmri7t!
Missing character: There is no ù in font ptmri7t!
Missing character: There is no ‚ in font ptmr7t!
Missing character: There is no Ä in font ptmr7t!
Missing character: There is no ù in font ptmr7t!
 [17] <Images/GanntChart.png, id=369, 819.06pt x 242.9075pt>
File: Images/GanntChart.png Graphic file (type png)

<use Images/GanntChart.png>
Package pdftex.def Info: Images/GanntChart.png used on input line 267.
(pdftex.def)             Requested size: 409.52899pt x 121.45345pt.
 [18 <C:/Users/Kiril/Desktop/GoProject/dissertation/Images/GanntChart.png>]
<Images/S33Diagram.png, id=377, 478.03593pt x 253.69781pt>
File: Images/S33Diagram.png Graphic file (type png)

<use Images/S33Diagram.png>
Package pdftex.def Info: Images/S33Diagram.png used on input line 279.
(pdftex.def)             Requested size: 478.03476pt x 253.69719pt.

Overfull \hbox (45.76477pt too wide) in paragraph at lines 279--280
 [][] 
 []

LaTeX Font Info:    Try loading font information for OT1+pcr on input line 286.

("C:\Program Files\MiKTeX 2.9\tex\latex\psnfss\ot1pcr.fd"
File: ot1pcr.fd 2001/06/04 font definitions for OT1/pcr.
)
<Images/S33Board_Rep_Example.png, id=379, 453.94594pt x 451.6875pt>
File: Images/S33Board_Rep_Example.png Graphic file (type png)

<use Images/S33Board_Rep_Example.png>
Package pdftex.def Info: Images/S33Board_Rep_Example.png used on input line 291
.
(pdftex.def)             Requested size: 172.90535pt x 172.04277pt.

<Images/S33Board_Rep_Example_text.png, id=380, 260.47313pt x 250.68657pt>
File: Images/S33Board_Rep_Example_text.png Graphic file (type png)

<use Images/S33Board_Rep_Example_text.png>
Package pdftex.def Info: Images/S33Board_Rep_Example_text.png used on input lin
e 294.
(pdftex.def)             Requested size: 172.90535pt x 166.40993pt.
 [19 <C:/Users/Kiril/Desktop/GoProject/dissertation/Images/S33Diagram.png>]
File: Images/S33Board_Rep_Example_text.png Graphic file (type png)

<use Images/S33Board_Rep_Example_text.png>
Package pdftex.def Info: Images/S33Board_Rep_Example_text.png used on input lin
e 309.
(pdftex.def)             Requested size: 172.90535pt x 166.40993pt.

<Images/S33Board_Rep_Example_file.png, id=391, 315.42844pt x 282.30469pt>
File: Images/S33Board_Rep_Example_file.png Graphic file (type png)

<use Images/S33Board_Rep_Example_file.png>
Package pdftex.def Info: Images/S33Board_Rep_Example_file.png used on input lin
e 312.
(pdftex.def)             Requested size: 172.90535pt x 154.74683pt.
 [20 <C:/Users/Kiril/Desktop/GoProject/dissertation/Images/S33Board_Rep_Example
.png> <C:/Users/Kiril/Desktop/GoProject/dissertation/Images/S33Board_Rep_Exampl
e_text.png> <C:/Users/Kiril/Desktop/GoProject/dissertation/Images/S33Board_Rep_
Example_file.png>]
<Images/GUI-1-PP.png, id=397, 742.775pt x 525.965pt>
File: Images/GUI-1-PP.png Graphic file (type png)
 <use Images/GUI-1-PP.png>
Package pdftex.def Info: Images/GUI-1-PP.png used on input line 337.
(pdftex.def)             Requested size: 297.10474pt x 210.38226pt.

[21] <Images/GUI-2-PP.png, id=402, 696.6025pt x 527.9725pt>
File: Images/GUI-2-PP.png Graphic file (type png)

<use Images/GUI-2-PP.png>
Package pdftex.def Info: Images/GUI-2-PP.png used on input line 343.
(pdftex.def)             Requested size: 278.63606pt x 211.18526pt.
 [22 <C:/Users/Kiril/Desktop/GoProject/dissertation/Images/GUI-1-PP.png (PNG co
py)> <C:/Users/Kiril/Desktop/GoProject/dissertation/Images/GUI-2-PP.png (PNG co
py)>]
<Images/GUI-3-CountersCoords.png, id=409, 462.97969pt x 459.96844pt>
File: Images/GUI-3-CountersCoords.png Graphic file (type png)

<use Images/GUI-3-CountersCoords.png>
Package pdftex.def Info: Images/GUI-3-CountersCoords.png used on input line 353
.
(pdftex.def)             Requested size: 231.48927pt x 229.98366pt.

<Images/GUI-4-Transparent.png, id=410, 548.80031pt x 179.16937pt>
File: Images/GUI-4-Transparent.png Graphic file (type png)

<use Images/GUI-4-Transparent.png>
Package pdftex.def Info: Images/GUI-4-Transparent.png used on input line 361.
(pdftex.def)             Requested size: 384.15758pt x 125.4177pt.
 [23 <C:/Users/Kiril/Desktop/GoProject/dissertation/Images/GUI-3-CountersCoords
.png>]
<Images/GUI-5-Bounds.png, id=417, 210.7875pt x 215.30438pt>
File: Images/GUI-5-Bounds.png Graphic file (type png)

<use Images/GUI-5-Bounds.png>
Package pdftex.def Info: Images/GUI-5-Bounds.png used on input line 369.
(pdftex.def)             Requested size: 210.78699pt x 215.30385pt.
 [24 <C:/Users/Kiril/Desktop/GoProject/dissertation/Images/GUI-4-Transparent.pn
g> <C:/Users/Kiril/Desktop/GoProject/dissertation/Images/GUI-5-Bounds.png>]
<Images/GUI-6-PCMenu.png, id=425, 99.37125pt x 97.86563pt>
File: Images/GUI-6-PCMenu.png Graphic file (type png)

<use Images/GUI-6-PCMenu.png>
Package pdftex.def Info: Images/GUI-6-PCMenu.png used on input line 380.
(pdftex.def)             Requested size: 99.371pt x 97.86537pt.

Overfull \hbox (12.91833pt too wide) in paragraph at lines 380--381
[][] 
 []

<Images/GUI-7-Objective.png, id=426, 247.67531pt x 173.14688pt>
File: Images/GUI-7-Objective.png Graphic file (type png)

<use Images/GUI-7-Objective.png>
Package pdftex.def Info: Images/GUI-7-Objective.png used on input line 385.
(pdftex.def)             Requested size: 247.6747pt x 173.14645pt.

Overfull \hbox (117.99239pt too wide) in paragraph at lines 385--386
[][] 
 []

[25 <C:/Users/Kiril/Desktop/GoProject/dissertation/Images/GUI-6-PCMenu.png> <C:
/Users/Kiril/Desktop/GoProject/dissertation/Images/GUI-7-Objective.png>]
<Images/GUI-8-PlayerChoice.png, id=434, 155.07938pt x 138.5175pt>
File: Images/GUI-8-PlayerChoice.png Graphic file (type png)

<use Images/GUI-8-PlayerChoice.png>
Package pdftex.def Info: Images/GUI-8-PlayerChoice.png used on input line 397.
(pdftex.def)             Requested size: 155.07898pt x 138.51715pt.

<Images/GUI-9-AIMove1.png, id=435, 919.93687pt x 460.72125pt>
File: Images/GUI-9-AIMove1.png Graphic file (type png)

<use Images/GUI-9-AIMove1.png>
Package pdftex.def Info: Images/GUI-9-AIMove1.png used on input line 403.
(pdftex.def)             Requested size: 459.96732pt x 230.36006pt.

Overfull \hbox (27.69733pt too wide) in paragraph at lines 403--404
 [][] 
 []

<Images/GUI-11-AIMove3Feedback.png, id=436, 305.64188pt x 185.19188pt>
File: Images/GUI-11-AIMove3Feedback.png Graphic file (type png)

<use Images/GUI-11-AIMove3Feedback.png>
Package pdftex.def Info: Images/GUI-11-AIMove3Feedback.png used on input line 4
09.
(pdftex.def)             Requested size: 305.64111pt x 185.1914pt.
 [26 <C:/Users/Kiril/Desktop/GoProject/dissertation/Images/GUI-8-PlayerChoice.p
ng> <C:/Users/Kiril/Desktop/GoProject/dissertation/Images/GUI-9-AIMove1.png>]
<Images/GUI-13-FullView.png, id=445, 902.6222pt x 508.14844pt>
File: Images/GUI-13-FullView.png Graphic file (type png)

<use Images/GUI-13-FullView.png>
Package pdftex.def Info: Images/GUI-13-FullView.png used on input line 421.
(pdftex.def)             Requested size: 451.31pt x 254.0736pt.

Overfull \hbox (19.04001pt too wide) in paragraph at lines 421--422
 [][] 
 []

[27 <C:/Users/Kiril/Desktop/GoProject/dissertation/Images/GUI-11-AIMove3Feedbac
k.png>] [28 <C:/Users/Kiril/Desktop/GoProject/dissertation/Images/GUI-13-FullVi
ew.png>]
Missing character: There is no ‚ in font ptmr7t!
Missing character: There is no Ä in font ptmr7t!
Missing character: There is no ì in font ptmr7t!
Missing character: There is no ‚ in font ptmr7t!
Missing character: There is no Ä in font ptmr7t!
Missing character: There is no ú in font ptmr7t!
Missing character: There is no ‚ in font ptmr7t!
Missing character: There is no Ä in font ptmr7t!
Missing character: There is no ù in font ptmr7t!
Missing character: There is no ‚ in font ptmr7t!
Missing character: There is no Ä in font ptmr7t!
Missing character: There is no ú in font ptmr7t!
Missing character: There is no ‚ in font ptmr7t!
Missing character: There is no Ä in font ptmr7t!
Missing character: There is no ù in font ptmr7t!
Missing character: There is no ‚ in font ptmr7t!
Missing character: There is no Ä in font ptmr7t!
Missing character: There is no ú in font ptmr7t!
Missing character: There is no ‚ in font ptmr7t!
Missing character: There is no Ä in font ptmr7t!
Missing character: There is no ù in font ptmr7t!
Missing character: There is no ‚ in font ptmr7t!
Missing character: There is no Ä in font ptmr7t!
Missing character: There is no ú in font ptmr7t!
Missing character: There is no ‚ in font ptmr7t!
Missing character: There is no Ä in font ptmr7t!
Missing character: There is no ù in font ptmr7t!
Missing character: There is no ‚ in font ptmr7t!
Missing character: There is no Ä in font ptmr7t!
Missing character: There is no ú in font ptmr7t!
Missing character: There is no ‚ in font ptmr7t!
Missing character: There is no Ä in font ptmr7t!
Missing character: There is no ù in font ptmr7t!
Missing character: There is no ‚ in font ptmr7t!
Missing character: There is no Ä in font ptmr7t!
Missing character: There is no ì in font ptmr7t!
 [29]
Missing character: There is no ‚ in font ptmr7t!
Missing character: There is no Ä in font ptmr7t!
Missing character: There is no ì in font ptmr7t!
Missing character: There is no ‚ in font ptmr7t!
Missing character: There is no Ä in font ptmr7t!
Missing character: There is no ú in font ptmr7t!
Missing character: There is no ‚ in font ptmr7t!
Missing character: There is no Ä in font ptmr7t!
Missing character: There is no ù in font ptmr7t!
 <Images/UnderTheStones.png, id=462, 452.4403pt x 454.69875pt>
File: Images/UnderTheStones.png Graphic file (type png)

<use Images/UnderTheStones.png>
Package pdftex.def Info: Images/UnderTheStones.png used on input line 457.
(pdftex.def)             Requested size: 226.2196pt x 227.34882pt.
 [30]
Missing character: There is no ‚ in font ptmr7t!
Missing character: There is no Ä in font ptmr7t!
Missing character: There is no ì in font ptmr7t!

<Images/UnderTheStones_Alphabeta.png, id=467, 901.86937pt x 505.89pt>
File: Images/UnderTheStones_Alphabeta.png Graphic file (type png)

<use Images/UnderTheStones_Alphabeta.png>
Package pdftex.def Info: Images/UnderTheStones_Alphabeta.png used on input line
 465.
(pdftex.def)             Requested size: 450.93358pt x 252.94437pt.

Overfull \hbox (18.66359pt too wide) in paragraph at lines 465--466
 [][] 
 []

<Images/UnderTheStones_Minimax.png, id=468, 902.6222pt x 508.14844pt>
File: Images/UnderTheStones_Minimax.png Graphic file (type png)

<use Images/UnderTheStones_Minimax.png>
Package pdftex.def Info: Images/UnderTheStones_Minimax.png used on input line 4
71.
(pdftex.def)             Requested size: 451.31pt x 254.0736pt.

Overfull \hbox (19.04001pt too wide) in paragraph at lines 471--472
 [][] 
 []

[31 <C:/Users/Kiril/Desktop/GoProject/dissertation/Images/UnderTheStones.png> <
C:/Users/Kiril/Desktop/GoProject/dissertation/Images/UnderTheStones_Alphabeta.p
ng>] [32 <C:/Users/Kiril/Desktop/GoProject/dissertation/Images/UnderTheStones_M
inimax.png>] [33] [34] [35]
Chapter 4.
[36

] [37] [38]
Chapter 5.
(C:\Users\Kiril\Desktop\GoProject\dissertation\TeamIDissertation.bbl [39

]
Underfull \hbox (badness 3568) in paragraph at lines 14--17
[]\OT1/ptm/m/n/10.95 Mozilla.  \OT1/ptm/m/it/10.95 HTML (Hy-per-Text Markup Lan
-guage)\OT1/ptm/m/n/10.95 .  https://developer.mozilla.org/en-
 []


Overfull \hbox (21.2183pt too wide) in paragraph at lines 19--22
[]\OT1/ptm/m/n/10.95 Oracle.  \OT1/ptm/m/it/10.95 Java 2D Graph-ics and Imag-in
g\OT1/ptm/m/n/10.95 .  http://docs.oracle.com/javase/6/docs/technotes/guides/2d
/,
 []


Overfull \hbox (47.12518pt too wide) in paragraph at lines 24--28
[]\OT1/ptm/m/n/10.95 Oracle.  \OT1/ptm/m/it/10.95 Graph-ics (Java Plat-form SE 
7)\OT1/ptm/m/n/10.95 .  http://docs.oracle.com/javase/7/docs/api/java/awt/Graph
ics.html,
 []


Overfull \hbox (53.34541pt too wide) in paragraph at lines 30--33
[]\OT1/ptm/m/n/10.95 Oracle.  \OT1/ptm/m/it/10.95 Swing APIs and De-vel-oper Gu
ides\OT1/ptm/m/n/10.95 .  http://docs.oracle.com/javase/8/docs/technotes/guides
/swing/l,
 []

) [40

]
Chapter 6.
[41

]
<Appendix/TestingDocumentPDF.pdf, id=541, page=1, 597.55246pt x 845.07718pt>
File: Appendix/TestingDocumentPDF.pdf Graphic file (type pdf)

<use Appendix/TestingDocumentPDF.pdf, page 1>
Package pdftex.def Info: Appendix/TestingDocumentPDF.pdf, page1 used on input l
ine 596.
(pdftex.def)             Requested size: 597.551pt x 845.07512pt.
File: Appendix/TestingDocumentPDF.pdf Graphic file (type pdf)

<use Appendix/TestingDocumentPDF.pdf, page 1>
Package pdftex.def Info: Appendix/TestingDocumentPDF.pdf, page1 used on input l
ine 596.
(pdftex.def)             Requested size: 597.57834pt x 845.1138pt.
File: Appendix/TestingDocumentPDF.pdf Graphic file (type pdf)

<use Appendix/TestingDocumentPDF.pdf, page 1>
Package pdftex.def Info: Appendix/TestingDocumentPDF.pdf, page1 used on input l
ine 596.
(pdftex.def)             Requested size: 597.57834pt x 845.1138pt.
File: Appendix/TestingDocumentPDF.pdf Graphic file (type pdf)

<use Appendix/TestingDocumentPDF.pdf, page 1>
Package pdftex.def Info: Appendix/TestingDocumentPDF.pdf, page1 used on input l
ine 596.
(pdftex.def)             Requested size: 597.57834pt x 845.1138pt.
File: Appendix/TestingDocumentPDF.pdf Graphic file (type pdf)

<use Appendix/TestingDocumentPDF.pdf, page 1>
Package pdftex.def Info: Appendix/TestingDocumentPDF.pdf, page1 used on input l
ine 596.
(pdftex.def)             Requested size: 597.57834pt x 845.1138pt.
 [42 <C:/Users/Kiril/Desktop/GoProject/dissertation/Appendix/TestingDocumentPDF
.pdf>]
<Appendix/TestingDocumentPDF.pdf, id=561, page=2, 597.55246pt x 845.07718pt>
File: Appendix/TestingDocumentPDF.pdf Graphic file (type pdf)

<use Appendix/TestingDocumentPDF.pdf, page 2>
Package pdftex.def Info: Appendix/TestingDocumentPDF.pdf, page2 used on input l
ine 596.
(pdftex.def)             Requested size: 597.57834pt x 845.1138pt.
File: Appendix/TestingDocumentPDF.pdf Graphic file (type pdf)

<use Appendix/TestingDocumentPDF.pdf, page 2>
Package pdftex.def Info: Appendix/TestingDocumentPDF.pdf, page2 used on input l
ine 596.
(pdftex.def)             Requested size: 597.57834pt x 845.1138pt.
File: Appendix/TestingDocumentPDF.pdf Graphic file (type pdf)

<use Appendix/TestingDocumentPDF.pdf, page 2>
Package pdftex.def Info: Appendix/TestingDocumentPDF.pdf, page2 used on input l
ine 596.
(pdftex.def)             Requested size: 597.57834pt x 845.1138pt.
 [43 <C:/Users/Kiril/Desktop/GoProject/dissertation/Appendix/TestingDocumentPDF
.pdf>]
<Appendix/TestingDocumentPDF.pdf, id=567, page=3, 597.55246pt x 845.07718pt>
File: Appendix/TestingDocumentPDF.pdf Graphic file (type pdf)

<use Appendix/TestingDocumentPDF.pdf, page 3>
Package pdftex.def Info: Appendix/TestingDocumentPDF.pdf, page3 used on input l
ine 596.
(pdftex.def)             Requested size: 597.57834pt x 845.1138pt.
File: Appendix/TestingDocumentPDF.pdf Graphic file (type pdf)

<use Appendix/TestingDocumentPDF.pdf, page 3>
Package pdftex.def Info: Appendix/TestingDocumentPDF.pdf, page3 used on input l
ine 596.
(pdftex.def)             Requested size: 597.57834pt x 845.1138pt.
File: Appendix/TestingDocumentPDF.pdf Graphic file (type pdf)

<use Appendix/TestingDocumentPDF.pdf, page 3>
Package pdftex.def Info: Appendix/TestingDocumentPDF.pdf, page3 used on input l
ine 596.
(pdftex.def)             Requested size: 597.57834pt x 845.1138pt.
 [44 <C:/Users/Kiril/Desktop/GoProject/dissertation/Appendix/TestingDocumentPDF
.pdf>]
<Appendix/TestingDocumentPDF.pdf, id=573, page=4, 597.55246pt x 845.07718pt>
File: Appendix/TestingDocumentPDF.pdf Graphic file (type pdf)

<use Appendix/TestingDocumentPDF.pdf, page 4>
Package pdftex.def Info: Appendix/TestingDocumentPDF.pdf, page4 used on input l
ine 596.
(pdftex.def)             Requested size: 597.57834pt x 845.1138pt.
File: Appendix/TestingDocumentPDF.pdf Graphic file (type pdf)

<use Appendix/TestingDocumentPDF.pdf, page 4>
Package pdftex.def Info: Appendix/TestingDocumentPDF.pdf, page4 used on input l
ine 596.
(pdftex.def)             Requested size: 597.57834pt x 845.1138pt.
File: Appendix/TestingDocumentPDF.pdf Graphic file (type pdf)

<use Appendix/TestingDocumentPDF.pdf, page 4>
Package pdftex.def Info: Appendix/TestingDocumentPDF.pdf, page4 used on input l
ine 596.
(pdftex.def)             Requested size: 597.57834pt x 845.1138pt.
 [45 <C:/Users/Kiril/Desktop/GoProject/dissertation/Appendix/TestingDocumentPDF
.pdf>]
Package atveryend Info: Empty hook `BeforeClearDocument' on input line 598.
Package atveryend Info: Empty hook `AfterLastShipout' on input line 598.

(C:\Users\Kiril\Desktop\GoProject\dissertation\TeamIDissertation.aux)
Package atveryend Info: Executing hook `AtVeryEndDocument' on input line 598.
Package atveryend Info: Executing hook `AtEndAfterFileList' on input line 598.
Package rerunfilecheck Info: File `TeamIDissertation.out' has not changed.
(rerunfilecheck)             Checksum: 9E99C48ABA0297CC05B025297C2CB81F;3393.
Package atveryend Info: Empty hook `AtVeryVeryEnd' on input line 598.
 ) 
Here is how much of TeX's memory you used:
 8139 strings out of 494045
 123145 string characters out of 3148386
 216252 words of memory out of 3000000
 11163 multiletter control sequences out of 15000+200000
 27458 words of font info for 56 fonts, out of 3000000 for 9000
 715 hyphenation exceptions out of 8191
 42i,18n,43p,1856b,460s stack positions out of 5000i,500n,10000p,200000b,50000s
{C:/Program Files/MiKTeX 2.9/fonts/enc/dvips/fontname/8r.enc}<C:/Program File
s/MiKTeX 2.9/fonts/type1/public/amsfonts/cm/cmr10.pfb><C:/Program Files/MiKTeX 
2.9/fonts/type1/public/amsfonts/cm/cmr8.pfb><C:/Program Files/MiKTeX 2.9/fonts/
type1/public/amsfonts/cm/cmsy10.pfb><C:/Program Files/MiKTeX 2.9/fonts/type1/ur
w/courier/ucrr8a.pfb><C:/Program Files/MiKTeX 2.9/fonts/type1/urw/times/utmb8a.
pfb><C:/Program Files/MiKTeX 2.9/fonts/type1/urw/times/utmr8a.pfb><C:/Program F
iles/MiKTeX 2.9/fonts/type1/urw/times/utmri8a.pfb>
Output written on TeamIDissertation.pdf (47 pages, 2173368 bytes).
PDF statistics:
 635 PDF objects out of 1000 (max. 8388607)
 137 named destinations out of 1000 (max. 500000)
 579 words of extra memory for PDF output out of 10000 (max. 10000000)

